<?xml version="1.0" encoding="UTF-8"?>
<!-- Generated by org.testng.reporters.JUnitXMLReporter -->
<testsuite ignored="0" hostname="Parimella-PC" failures="0" tests="4" name="Default test" time="34.512" errors="0" timestamp="2025-04-15T17:43:19 IST">
  <testcase classname="AdvanceTestNG.BiodataKingRegistrationClass2" name="setup" time="7.526"/>
  <testcase classname="AdvanceTestNG.BiodataKingRegistrationClass2" name="LoginFormTest" time="6.902"/>
  <testcase classname="AdvanceTestNG.BiodataKingRegistrationClass2" name="MouseHoverTest" time="4.634"/>
  <testcase classname="AdvanceTestNG.BiodataKingRegistrationClass2" name="registration" time="15.399"/>
</testsuite> <!-- Default test -->
