<?xml version="1.0" encoding="UTF-8"?>
<!-- Generated by org.testng.reporters.JUnitReportReporter -->
<testsuite hostname="Parimella-PC" failures="0" tests="2" name="excelreadwritepackage.ExistingFileUpdate" time="0.572" errors="0" timestamp="2025-04-06T11:20:30 IST" skipped="0">
  <testcase classname="excelreadwritepackage.ExistingFileUpdate" name="Filedata" time="0.482"/>
  <testcase classname="excelreadwritepackage.ExistingFileUpdate" name="Status" time="0.090"/>
</testsuite> <!-- excelreadwritepackage.ExistingFileUpdate -->
