<?xml version="1.0" encoding="UTF-8"?>
<!-- Generated by org.testng.reporters.JUnitReportReporter -->
<testsuite hostname="DESKTOP-RSO1S0E" failures="0" tests="3" name="crossBrowser.ChromeBroser" time="25.252" errors="0" timestamp="2025-03-16T11:57:38 IST" skipped="0">
  <testcase classname="crossBrowser.ChromeBroser" name="Setup" time="2.690"/>
  <testcase classname="crossBrowser.ChromeBroser" name="LoginFormTest" time="17.944"/>
  <testcase classname="crossBrowser.ChromeBroser" name="MouseHoverTest" time="4.618"/>
</testsuite> <!-- crossBrowser.ChromeBroser -->
