<?xml version="1.0" encoding="UTF-8"?>
<!-- Generated by org.testng.reporters.JUnitReportReporter -->
<testsuite hostname="DESKTOP-RSO1S0E" failures="0" tests="3" name="crossBrowser.FireFoxBroser" time="30.932" errors="0" timestamp="2025-03-16T11:57:38 IST" skipped="0">
  <testcase classname="crossBrowser.FireFoxBroser" name="Setup" time="12.094"/>
  <testcase classname="crossBrowser.FireFoxBroser" name="LoginFormTest" time="14.258"/>
  <testcase classname="crossBrowser.FireFoxBroser" name="MouseHoverTest" time="4.580"/>
</testsuite> <!-- crossBrowser.FireFoxBroser -->
