<?xml version="1.0" encoding="UTF-8"?>
<!-- Generated by org.testng.reporters.JUnitReportReporter -->
<testsuite hostname="DESKTOP-RSO1S0E" failures="0" tests="4" name="AdvanceTestNG.TutorialsPoint" time="10.950" errors="0" timestamp="2025-03-18T13:19:09 IST" skipped="0">
  <testcase classname="AdvanceTestNG.TutorialsPoint" name="setup" time="2.805"/>
  <testcase classname="AdvanceTestNG.TutorialsPoint" name="LoginFormTest" time="3.805"/>
  <testcase classname="AdvanceTestNG.TutorialsPoint" name="Registration" time="3.198"/>
  <testcase classname="AdvanceTestNG.TutorialsPoint" name="PracticeForm" time="1.142"/>
</testsuite> <!-- AdvanceTestNG.TutorialsPoint -->
