<?xml version="1.0" encoding="UTF-8"?>
<!-- Generated by org.testng.reporters.JUnitReportReporter -->
<testsuite hostname="Parimella-PC" failures="0" tests="4" name="AdvanceTestNG.BiodataKingRegistrationClass2" time="34.461" errors="0" timestamp="2025-04-15T17:43:19 IST" skipped="0">
  <testcase classname="AdvanceTestNG.BiodataKingRegistrationClass2" name="setup" time="7.526"/>
  <testcase classname="AdvanceTestNG.BiodataKingRegistrationClass2" name="LoginFormTest" time="6.902"/>
  <testcase classname="AdvanceTestNG.BiodataKingRegistrationClass2" name="MouseHoverTest" time="4.634"/>
  <testcase classname="AdvanceTestNG.BiodataKingRegistrationClass2" name="registration" time="15.399"/>
</testsuite> <!-- AdvanceTestNG.BiodataKingRegistrationClass2 -->
