<?xml version="1.0" encoding="UTF-8"?>
<!-- Generated by org.testng.reporters.JUnitReportReporter -->
<testsuite hostname="DESKTOP-RSO1S0E" failures="0" tests="3" name="AdvanceTestNG.BiodataKingClass" time="19.554" errors="0" timestamp="2025-03-16T11:23:55 IST" skipped="0">
  <testcase classname="AdvanceTestNG.BiodataKingClass" name="Setup" time="12.019"/>
  <testcase classname="AdvanceTestNG.BiodataKingClass" name="LoginFormTest" time="2.871"/>
  <testcase classname="AdvanceTestNG.BiodataKingClass" name="MouseHoverTest" time="4.664"/>
</testsuite> <!-- AdvanceTestNG.BiodataKingClass -->
