<?xml version="1.0" encoding="UTF-8"?>
<!-- Generated by org.testng.reporters.JUnitReportReporter -->
<testsuite hostname="Parimella-PC" failures="0" tests="3" name="datadrivenbasics.DataDrivenTest1" time="18.400" errors="0" timestamp="2025-03-22T17:12:16 IST" skipped="0">
  <testcase classname="datadrivenbasics.DataDrivenTest1" name="Setup" time="3.965"/>
  <testcase classname="datadrivenbasics.DataDrivenTest1" name="LoginTest" time="7.237"/>
  <testcase classname="datadrivenbasics.DataDrivenTest1" name="RegistrationTest" time="7.198"/>
</testsuite> <!-- datadrivenbasics.DataDrivenTest1 -->
