<?xml version="1.0" encoding="UTF-8"?>
<!-- Generated by org.testng.reporters.JUnitReportReporter -->
<testsuite hostname="DESKTOP-RSO1S0E" failures="0" tests="3" name="crossBrowser.EdgeBroser" time="23.605" errors="0" timestamp="2025-03-16T11:57:38 IST" skipped="0">
  <testcase classname="crossBrowser.EdgeBroser" name="Setup" time="15.768"/>
  <testcase classname="crossBrowser.EdgeBroser" name="LoginFormTest" time="3.210"/>
  <testcase classname="crossBrowser.EdgeBroser" name="MouseHoverTest" time="4.627"/>
</testsuite> <!-- crossBrowser.EdgeBroser -->
