<?xml version="1.0" encoding="UTF-8"?>
<!-- Generated by org.testng.reporters.JUnitXMLReporter -->
<testsuite ignored="0" hostname="DESKTOP-RSO1S0E" failures="0" tests="9" name="cross browser testing" time="30.97" errors="0" timestamp="2025-03-16T11:57:38 IST">
  <testcase classname="crossBrowser.ChromeBroser" name="Setup" time="2.69"/>
  <testcase classname="crossBrowser.FireFoxBroser" name="Setup" time="12.094"/>
  <testcase classname="crossBrowser.EdgeBroser" name="Setup" time="15.768"/>
  <testcase classname="crossBrowser.EdgeBroser" name="LoginFormTest" time="3.21"/>
  <testcase classname="crossBrowser.ChromeBroser" name="LoginFormTest" time="17.944"/>
  <testcase classname="crossBrowser.EdgeBroser" name="MouseHoverTest" time="4.627"/>
  <testcase classname="crossBrowser.ChromeBroser" name="MouseHoverTest" time="4.618"/>
  <testcase classname="crossBrowser.FireFoxBroser" name="LoginFormTest" time="14.258"/>
  <testcase classname="crossBrowser.FireFoxBroser" name="MouseHoverTest" time="4.58"/>
</testsuite> <!-- cross browser testing -->
