<?xml version="1.0" encoding="UTF-8"?>
<testng-results ignored="0" total="1" passed="1" failed="0" skipped="0">
  <reporter-output>
  </reporter-output>
  <suite started-at="2025-04-11T12:35:32 IST" name="Default suite" finished-at="2025-04-11T12:35:43 IST" duration-ms="11640">
    <groups>
    </groups>
    <test started-at="2025-04-11T12:35:32 IST" name="Default test" finished-at="2025-04-11T12:35:43 IST" duration-ms="11640">
      <class name="excelreadwritepackage.ExcelReadWriteProgramUsingTestNG">
        <test-method signature="excelread()[pri:1, instance:excelreadwritepackage.ExcelReadWriteProgramUsingTestNG@522a32b1]" started-at="2025-04-11T12:35:32 IST" name="excelread" finished-at="2025-04-11T12:35:43 IST" duration-ms="11616" status="PASS">
          <reporter-output>
          </reporter-output>
        </test-method> <!-- excelread -->
      </class> <!-- excelreadwritepackage.ExcelReadWriteProgramUsingTestNG -->
    </test> <!-- Default test -->
  </suite> <!-- Default suite -->
</testng-results>
